<?xml version="1.0" encoding="UTF-8"?>
<!-- Generated by org.testng.reporters.JUnitXMLReporter -->
<testsuite hostname="Kris-PC" ignored="0" name="Sprimt1" tests="3" failures="0" timestamp="2020-05-13T16:16:53 CDT" time="44.001" errors="0">
  <testcase name="loginpageTitleTest" time="0.06" classname="crmpro.testcases.LoginPageTest"/>
  <testcase name="crmlogotest" time="0.181" classname="crmpro.testcases.LoginPageTest"/>
  <testcase name="loginTest" time="3.666" classname="crmpro.testcases.LoginPageTest"/>
</testsuite> <!-- Sprimt1 -->
